Change Component Designator: OldDesignator= NewDesignator=C1
Change Component Designator: OldDesignator= NewDesignator=C2
Change Component Designator: OldDesignator= NewDesignator=C3
Change Component Designator: OldDesignator= NewDesignator=C4
Change Component Designator: OldDesignator= NewDesignator=C5
Change Component Designator: OldDesignator= NewDesignator=C6
Change Component Designator: OldDesignator= NewDesignator=C7
Change Component Designator: OldDesignator= NewDesignator=C8
Change Component Designator: OldDesignator= NewDesignator=C9
Change Component Designator: OldDesignator= NewDesignator=C14
Change Component Designator: OldDesignator= NewDesignator=C16
Change Component Designator: OldDesignator= NewDesignator=C18
Change Component Designator: OldDesignator= NewDesignator=C19
Change Component Designator: OldDesignator= NewDesignator=C26
Change Component Designator: OldDesignator= NewDesignator=CN1
Change Component Designator: OldDesignator= NewDesignator=CN2
Change Component Designator: OldDesignator= NewDesignator=CN3
Change Component Designator: OldDesignator= NewDesignator=D1
Change Component Designator: OldDesignator= NewDesignator=D2
Change Component Designator: OldDesignator= NewDesignator=H1
Change Component Designator: OldDesignator= NewDesignator=R4
Change Component Designator: OldDesignator= NewDesignator=R6
Change Component Designator: OldDesignator= NewDesignator=R8
Change Component Designator: OldDesignator= NewDesignator=R9
Change Component Designator: OldDesignator= NewDesignator=R10
Change Component Designator: OldDesignator= NewDesignator=R11
Change Component Designator: OldDesignator= NewDesignator=R12
Change Component Designator: OldDesignator= NewDesignator=R13
Change Component Designator: OldDesignator= NewDesignator=R19
Change Component Designator: OldDesignator= NewDesignator=R20
Change Component Designator: OldDesignator= NewDesignator=SW1
Change Component Designator: OldDesignator= NewDesignator=SW3
Change Component Designator: OldDesignator= NewDesignator=SW4
Change Component Designator: OldDesignator= NewDesignator=U1
Change Component Designator: OldDesignator= NewDesignator=U3
Change Component Designator: OldDesignator= NewDesignator=U5
Change Component Designator: OldDesignator= NewDesignator=U6
Change Component Designator: OldDesignator= NewDesignator=U7
Change Component Designator: OldDesignator= NewDesignator=X1
Added Member To Class: ClassName=Power Member=Component C1 100uF
Added Member To Class: ClassName=Power Member=Component C2 100uF
Added Member To Class: ClassName=Power Member=Component C3 100uF
Added Member To Class: ClassName=Power Member=Component C4 100uF
Added Member To Class: ClassName=Power Member=Component C5 100nF
Added Member To Class: ClassName=Power Member=Component C6 1uF
Added Member To Class: ClassName=Power Member=Component C7 1uF
Added Member To Class: ClassName=Power Member=Component C8 100nF
Added Member To Class: ClassName=Power Member=Component C9 100nF
Added Member To Class: ClassName=Drive Member=Component C14 100nF
Added Member To Class: ClassName=Drive Member=Component C16 100nF
Added Member To Class: ClassName=Drive Member=Component C18 10uF
Added Member To Class: ClassName=MCU Member=Component C19 100nF
Added Member To Class: ClassName=Interface Member=Component C26 100nF
Added Member To Class: ClassName=Port Member=Component CN1 WAFER-254W-6P
Added Member To Class: ClassName=Port Member=Component CN2 WAFER-254W-6P
Added Member To Class: ClassName=Port Member=Component CN3 WAFER-254W-6P
Added Member To Class: ClassName=Power Member=Component D1 SS54
Added Member To Class: ClassName=Power Member=Component D2 SMBJ28CA
Added Member To Class: ClassName=Port Member=Component H1 PZ254V-11-07P
Added Member To Class: ClassName=Drive Member=Component R4 1K
Added Member To Class: ClassName=Drive Member=Component R6 1K
Added Member To Class: ClassName=Drive Member=Component R8 0.1
Added Member To Class: ClassName=Drive Member=Component R9 0.1
Added Member To Class: ClassName=Drive Member=Component R10 NTCThermistor
Added Member To Class: ClassName=Drive Member=Component R11 3.3K
Added Member To Class: ClassName=MCU Member=Component R12 10K
Added Member To Class: ClassName=MCU Member=Component R13 10K
Added Member To Class: ClassName=Interface Member=Component R19 10K
Added Member To Class: ClassName=Interface Member=Component R20 1K
Added Member To Class: ClassName=Port Member=Component SW1 K2-1807UA-A4DW-06
Added Member To Class: ClassName=MCU Member=Component SW3 K2-1807UA-A4DW-06
Added Member To Class: ClassName=MCU Member=Component SW4 K2-1807UA-A4DW-06
Added Member To Class: ClassName=Power Member=Component U1 L78M05CDT-TR
Added Member To Class: ClassName=Drive Member=Component U3 A4950ELJTR-T
Added Member To Class: ClassName=MCU Member=Component U5 STM32F103C8T6
Added Member To Class: ClassName=Port Member=Component U6 SN65HVD232DR
Added Member To Class: ClassName=Interface Member=Component U7 MT6816CT-ACD
Added Member To Class: ClassName=MCU Member=Component X1 12MHz
Added Room: Name=Drive
Added Room: Name=Interface
Added Room: Name=MCU
Added Room: Name=Port
Added Room: Name=Power
