Removed Pin From Net: NetName=GND Pin=SW1-1
Removed Pin From Net: NetName=BUTTON_1 Pin=SW1-2
Removed Pin From Net: NetName=GND Pin=SW2-1
Removed Pin From Net: NetName=BUTTON_2 Pin=SW2-2
Removed Pin From Net: NetName=POWER_U Pin=SW4-1
Removed Member From Class: ClassName=Port Member=SW1
Removed Member From Class: ClassName=Port Member=SW2
Removed Member From Class: ClassName=MCU Member=SW4
Change Component Designator: OldDesignator= NewDesignator=C6
Change Component Designator: OldDesignator= NewDesignator=C7
Change Component Designator: OldDesignator= NewDesignator=C8
Change Component Designator: OldDesignator= NewDesignator=C9
Change Component Designator: OldDesignator= NewDesignator=C14
Change Component Designator: OldDesignator= NewDesignator=C16
Change Component Designator: OldDesignator= NewDesignator=C18
Change Component Designator: OldDesignator= NewDesignator=R4
Change Component Designator: OldDesignator= NewDesignator=R6
Change Component Designator: OldDesignator= NewDesignator=U7
Change Component Designator: OldDesignator= NewDesignator=X1
Added Pin To Net: NetName=GND Pin=C14-1
Added Pin To Net: NetName=POWER_U Pin=U5-10
Added Member To Class: ClassName=Power Member=Component C6 1uF
Added Member To Class: ClassName=Power Member=Component C7 1uF
Added Member To Class: ClassName=Power Member=Component C8 100nF
Added Member To Class: ClassName=Power Member=Component C9 100nF
Added Member To Class: ClassName=Drive Member=Component C14 100nF
Added Member To Class: ClassName=Drive Member=Component C16 100nF
Added Member To Class: ClassName=Drive Member=Component C18 10uF
Added Member To Class: ClassName=Drive Member=Component R4 1K
Added Member To Class: ClassName=Drive Member=Component R6 1K
Added Member To Class: ClassName=Interface Member=Component U7 MT6816CT-ACD
Added Member To Class: ClassName=MCU Member=Component X1 12MHz
Added Room: Name=Drive
Added Room: Name=Power
