Removed Pin From Net: NetName=IN_BM Pin=-12
Removed Pin From Net: NetName=IN_BP Pin=-13
Removed Pin From Net: NetName=IN_AM Pin=-14
Removed Pin From Net: NetName=IN_AP Pin=-15
Change Component Designator: OldDesignator= NewDesignator=C1
Change Component Designator: OldDesignator= NewDesignator=C2
Change Component Designator: OldDesignator= NewDesignator=C3
Change Component Designator: OldDesignator= NewDesignator=C4
Change Component Designator: OldDesignator= NewDesignator=C6
Change Component Designator: OldDesignator= NewDesignator=C7
Change Component Designator: OldDesignator= NewDesignator=C8
Change Component Designator: OldDesignator= NewDesignator=C9
Change Component Designator: OldDesignator= NewDesignator=C14
Change Component Designator: OldDesignator= NewDesignator=C16
Change Component Designator: OldDesignator= NewDesignator=C18
Change Component Designator: OldDesignator= NewDesignator=CN2
Change Component Designator: OldDesignator= NewDesignator=CN3
Change Component Designator: OldDesignator= NewDesignator=D1
Change Component Designator: OldDesignator= NewDesignator=D2
Change Component Designator: OldDesignator= NewDesignator=H1
Change Component Designator: OldDesignator= NewDesignator=R4
Change Component Designator: OldDesignator= NewDesignator=R6
Change Component Designator: OldDesignator= NewDesignator=R8
Change Component Designator: OldDesignator= NewDesignator=R9
Change Component Designator: OldDesignator= NewDesignator=R10
Change Component Designator: OldDesignator= NewDesignator=R11
Change Component Designator: OldDesignator= NewDesignator=U1
Change Component Designator: OldDesignator= NewDesignator=U3
Change Component Designator: OldDesignator= NewDesignator=U4
Change Component Designator: OldDesignator= NewDesignator=U5
Change Component Designator: OldDesignator= NewDesignator=U7
Added Pin To Net: NetName=IN_BP Pin=U5-12
Added Pin To Net: NetName=IN_BM Pin=U5-13
Added Pin To Net: NetName=IN_AP Pin=U5-14
Added Pin To Net: NetName=IN_AM Pin=U5-15
Added Member To Class: ClassName=Power Member=Component C1 100uF
Added Member To Class: ClassName=Power Member=Component C2 100uF
Added Member To Class: ClassName=Power Member=Component C3 100uF
Added Member To Class: ClassName=Power Member=Component C4 100uF
Added Member To Class: ClassName=Power Member=Component C6 1uF
Added Member To Class: ClassName=Power Member=Component C7 1uF
Added Member To Class: ClassName=Power Member=Component C8 100nF
Added Member To Class: ClassName=Power Member=Component C9 100nF
Added Member To Class: ClassName=Drive Member=Component C14 100nF
Added Member To Class: ClassName=Drive Member=Component C16 100nF
Added Member To Class: ClassName=Drive Member=Component C18 10uF
Added Member To Class: ClassName=Port Member=Component CN2 WAFER-254W-6P
Added Member To Class: ClassName=Port Member=Component CN3 WAFER-254W-6P
Added Member To Class: ClassName=Power Member=Component D1 SS54
Added Member To Class: ClassName=Power Member=Component D2 SMBJ28CA
Added Member To Class: ClassName=Port Member=Component H1 PZ254V-11-07P
Added Member To Class: ClassName=Drive Member=Component R4 1K
Added Member To Class: ClassName=Drive Member=Component R6 1K
Added Member To Class: ClassName=Drive Member=Component R8 0.1
Added Member To Class: ClassName=Drive Member=Component R9 0.1
Added Member To Class: ClassName=Drive Member=Component R10 NTCThermistor
Added Member To Class: ClassName=Drive Member=Component R11 3.3K
Added Member To Class: ClassName=Power Member=Component U1 LD1086DT33TR
Added Member To Class: ClassName=Drive Member=Component U3 A4950ELJTR-T
Added Member To Class: ClassName=Drive Member=Component U4 A4950ELJTR-T
Added Member To Class: ClassName=MCU Member=Component U5 STM32F103C8T6
Added Member To Class: ClassName=Interface Member=Component U7 MT6816CT-ACD
Added Room: Name=Drive
Added Room: Name=Power
